18055
19487
30980
47798
19185
18175
22678
29947
23622
18021
35768
48811
29615
47621
23767
29869
23444
29234
31766
44792
42748
44995
30421
42604
22881
34183
43292
22894
43311
45779
34206
30274
28827
30568
38286
25230
35864
33015
29168
42707
19255
23102
30255
48456
33574
47556
37575
27993
41186
42439
28863
40588
43995
49617
31114
25762
39919
24876
31862
26540
26285
22853
29604
44761
23085
42890
39403
17597
30908
20531
21157
21336
43955
43802
48857
34798
33034
21150
48129
18260
49538
30439
20377
35358
34546
21263
42214
20494
46986
36985
24230
41454
36820
46437
36144
49352
29995
48546
23516
31911
